The system is: Windows - 10.0.14393 - AMD64
Compiling the C compiler identification source file "CMakeCCompilerId.c" succeeded.
Compiler: C:/Program Files (x86)/Microsoft Visual Studio/2017/Enterprise/VC/Tools/MSVC/14.15.26726/bin/Hostx86/x86/cl.exe 
Build flags: 
Id flags:  

The output was:
0
Microsoft (R) C/C++ Optimizing Compiler Version 19.15.26726 for x86
Copyright (C) Microsoft Corporation.  All rights reserved.

CMakeCCompilerId.c
Microsoft (R) Incremental Linker Version 14.15.26726.0
Copyright (C) Microsoft Corporation.  All rights reserved.

/out:CMakeCCompilerId.exe 
CMakeCCompilerId.obj 


Compilation of the C compiler identification source "CMakeCCompilerId.c" produced "CMakeCCompilerId.exe"

Compilation of the C compiler identification source "CMakeCCompilerId.c" produced "CMakeCCompilerId.obj"

The C compiler identification is MSVC, found in "C:/Users/klee17/Desktop/SPA_Program/cmake-build-debug/CMakeFiles/3.12.2/CompilerIdC/CMakeCCompilerId.exe"

Determining if the C compiler works passed with the following output:
Change Dir: C:/Users/klee17/Desktop/SPA_Program/cmake-build-debug/CMakeFiles/CMakeTmp

Run Build Command:"nmake" "/nologo" "cmTC_c5973\fast"
	"C:\Program Files (x86)\Microsoft Visual Studio\2017\Enterprise\VC\Tools\MSVC\14.15.26726\bin\HostX86\x86\nmake.exe" -f CMakeFiles\cmTC_c5973.dir\build.make /nologo -L                  CMakeFiles\cmTC_c5973.dir\build
Building C object CMakeFiles/cmTC_c5973.dir/testCCompiler.c.obj
	C:\PROGRA~2\MIB055~1\2017\ENTERP~1\VC\Tools\MSVC\1415~1.267\bin\Hostx86\x86\cl.exe @C:\Users\klee17\AppData\Local\Temp\nmC291.tmp
testCCompiler.c
Linking C executable cmTC_c5973.exe
	"C:\Program Files\JetBrains\CLion 2018.2.4\bin\cmake\win\bin\cmake.exe" -E vs_link_exe --intdir=CMakeFiles\cmTC_c5973.dir --manifests  -- C:\PROGRA~2\MIB055~1\2017\ENTERP~1\VC\Tools\MSVC\1415~1.267\bin\Hostx86\x86\link.exe /nologo @CMakeFiles\cmTC_c5973.dir\objects1.rsp @C:\Users\klee17\AppData\Local\Temp\nmC4C5.tmp


Detecting C compiler ABI info compiled with the following output:
Change Dir: C:/Users/klee17/Desktop/SPA_Program/cmake-build-debug/CMakeFiles/CMakeTmp

Run Build Command:"nmake" "/nologo" "cmTC_cba63\fast"
	"C:\Program Files (x86)\Microsoft Visual Studio\2017\Enterprise\VC\Tools\MSVC\14.15.26726\bin\HostX86\x86\nmake.exe" -f CMakeFiles\cmTC_cba63.dir\build.make /nologo -L                  CMakeFiles\cmTC_cba63.dir\build
Building C object CMakeFiles/cmTC_cba63.dir/CMakeCCompilerABI.c.obj
	C:\PROGRA~2\MIB055~1\2017\ENTERP~1\VC\Tools\MSVC\1415~1.267\bin\Hostx86\x86\cl.exe @C:\Users\klee17\AppData\Local\Temp\nmC987.tmp
CMakeCCompilerABI.c
Linking C executable cmTC_cba63.exe
	"C:\Program Files\JetBrains\CLion 2018.2.4\bin\cmake\win\bin\cmake.exe" -E vs_link_exe --intdir=CMakeFiles\cmTC_cba63.dir --manifests  -- C:\PROGRA~2\MIB055~1\2017\ENTERP~1\VC\Tools\MSVC\1415~1.267\bin\Hostx86\x86\link.exe /nologo @CMakeFiles\cmTC_cba63.dir\objects1.rsp @C:\Users\klee17\AppData\Local\Temp\nmC9D6.tmp




Detecting C [] compiler features compiled with the following output:
Change Dir: C:/Users/klee17/Desktop/SPA_Program/cmake-build-debug/CMakeFiles/CMakeTmp

Run Build Command:"nmake" "/nologo" "cmTC_eeea2\fast"
	"C:\Program Files (x86)\Microsoft Visual Studio\2017\Enterprise\VC\Tools\MSVC\14.15.26726\bin\HostX86\x86\nmake.exe" -f CMakeFiles\cmTC_eeea2.dir\build.make /nologo -L                  CMakeFiles\cmTC_eeea2.dir\build
Building C object CMakeFiles/cmTC_eeea2.dir/feature_tests.c.obj
	C:\PROGRA~2\MIB055~1\2017\ENTERP~1\VC\Tools\MSVC\1415~1.267\bin\Hostx86\x86\cl.exe @C:\Users\klee17\AppData\Local\Temp\nmCE3A.tmp
feature_tests.c
Linking C executable cmTC_eeea2.exe
	"C:\Program Files\JetBrains\CLion 2018.2.4\bin\cmake\win\bin\cmake.exe" -E vs_link_exe --intdir=CMakeFiles\cmTC_eeea2.dir --manifests  -- C:\PROGRA~2\MIB055~1\2017\ENTERP~1\VC\Tools\MSVC\1415~1.267\bin\Hostx86\x86\link.exe /nologo @CMakeFiles\cmTC_eeea2.dir\objects1.rsp @C:\Users\klee17\AppData\Local\Temp\nmCE89.tmp


    Feature record: C_FEATURE:1c_function_prototypes
    Feature record: C_FEATURE:1c_variadic_macros
